<?xml version="1.0" encoding="UTF-8"?>
<!-- Generated by org.testng.reporters.JUnitReportReporter -->
<testsuite hostname="DIN86000837" name="testCases.CreateTask" tests="1" failures="0" timestamp="10 Aug 2018 10:27:10 GMT" time="27.858" errors="0">
  <testcase name="CRMCreateTask" time="27.858" classname="testCases.CreateTask"/>
</testsuite> <!-- testCases.CreateTask -->
