<?xml version="1.0" encoding="UTF-8"?>
<!-- Generated by org.testng.reporters.JUnitReportReporter -->
<testsuite hostname="DIN86000837" name="testCases.DealsProduct" tests="1" failures="0" timestamp="14 Aug 2018 05:55:05 GMT" time="8.797" errors="0">
  <testcase name="DealsProductWebTable" time="8.797" classname="testCases.DealsProduct"/>
</testsuite> <!-- testCases.DealsProduct -->
