<?xml version="1.0" encoding="UTF-8"?>
<!-- Generated by org.testng.reporters.JUnitReportReporter -->
<testsuite hostname="DIN86000837" name="testCases.CreateTask" tests="1" failures="0" timestamp="13 Aug 2018 03:16:07 GMT" time="25.729" errors="0">
  <testcase name="CRMCreateTask" time="25.729" classname="testCases.CreateTask"/>
</testsuite> <!-- testCases.CreateTask -->
