<?xml version="1.0" encoding="UTF-8"?>
<!-- Generated by org.testng.reporters.JUnitReportReporter -->
<testsuite hostname="DIN86000837" name="testCases.CreateTask" tests="1" failures="0" timestamp="13 Aug 2018 11:10:04 GMT" time="24.997" errors="0">
  <testcase name="CRMCreateTask" time="24.997" classname="testCases.CreateTask"/>
</testsuite> <!-- testCases.CreateTask -->
