<?xml version="1.0" encoding="UTF-8"?>
<!-- Generated by org.testng.reporters.JUnitReportReporter -->
<testsuite hostname="DIN86000837" name="testCases.CreateTask" tests="1" failures="0" timestamp="14 Aug 2018 06:22:47 GMT" time="28.963" errors="0">
  <testcase name="CRMCreateTask" time="28.963" classname="testCases.CreateTask"/>
</testsuite> <!-- testCases.CreateTask -->
