<?xml version="1.0" encoding="UTF-8"?>
<!-- Generated by org.testng.reporters.JUnitReportReporter -->
<testsuite hostname="DIN86000837" name="testCases.CreateContact" tests="1" failures="0" timestamp="13 Aug 2018 11:10:04 GMT" time="12.683" errors="0">
  <testcase name="CRMCreateContact" time="12.683" classname="testCases.CreateContact"/>
</testsuite> <!-- testCases.CreateContact -->
